/Users/spandanmadan/federated_generalization
/Users/spandanmadan/federated_generalization/./res/loader/loader.py
/Users/spandanmadan/federated_generalization/./res/loader
Corrupting the following ranks:
[1, 2, 3, 4]
Building train + in-distribution test data loader from mnist_rotation_two_by_nine_non_random_split_0
Building OOD test data loader from mnist_rotation_nine_by_nine
loaders done, starting training...
/Users/spandanmadan/federated_generalization
/Users/spandanmadan/federated_generalization/./res/loader/loader.py
/Users/spandanmadan/federated_generalization/./res/loader
Worker rank 1 initializing RPC
[W ProcessGroupGloo.cpp:724] Warning: Unable to resolve hostname to a (local) address. Using the loopback address as fallback. Manually set the network interface to bind to with GLOO_SOCKET_IFNAME. (function operator())
[W tensorpipe_agent.cpp:180] Failed to look up the IP address for the hostname (EAI_NONAME: unknown node or service (this error originated at tensorpipe/transport/uv/utility.cc:97)), defaulting to 127.0.0.1
Worker 1 done initializing RPC
saving as /Users/spandanmadan/saved_models/mnist_rotation_two_by_nine_world_size_5_non_random_rank_1.pt
Starting Epoch:0
Rank 1 training batch 0 loss 2.525327444076538
Rank 1 training batch 5 loss 2.1476268768310547
Rank 1 training batch 10 loss 1.9182530641555786
Rank 1 training batch 15 loss 1.7188752889633179
Rank 1 training batch 20 loss 1.4963405132293701
